[2026-04-02 15:25:50] [SUCCESS] Schema Check Passed: registry/agents.json
[2026-04-02 15:25:50] [SUCCESS] Schema Check Passed: registry/tools.json
[2026-04-02 15:25:50] [SUCCESS] Schema Check Passed: ENV_STATUS.json
[2026-04-02 15:25:51] [SUCCESS] Full System Integrity Verified. Deployment Authorized.
[2026-04-02 15:26:56] [SUCCESS] Schema Check Passed: registry/agents.json
[2026-04-02 15:26:56] [SUCCESS] Schema Check Passed: registry/tools.json
[2026-04-02 15:26:56] [SUCCESS] Schema Check Passed: ENV_STATUS.json
[2026-04-02 15:26:56] [SUCCESS] Full System Integrity Verified. Deployment Authorized.
[2026-04-02 15:46:35] [SUCCESS] Schema Check Passed: config/agents.json
[2026-04-02 15:46:35] [CRITICAL] Schema Corruption Detected: registry/tools.json - [Errno 2] No such file or directory: '/var/home/kmonette/OpenJarvis/registry/tools.json'
[2026-04-02 15:47:48] [CRITICAL] CRITICAL MISSING: State Registry expected at /var/home/kmonette/OpenJarvis/ENV_STATUS.json
[2026-04-02 15:51:38] [FAILED] CRITICAL MISSING: State Registry at /var/home/kmonette/OpenJarvis/ENV_STATUS.json
[2026-04-02 16:10:17] [SUCCESS] Full System Integrity Verified. Swarm is Operational.
[2026-04-02 16:10:17] [SUCCESS] Full System Integrity Verified. Swarm is Operational.
[2026-04-02 16:13:01] [SUCCESS] Full System Integrity Verified. Swarm is Operational.
[2026-04-02 16:13:01] [SUCCESS] Full System Integrity Verified. Swarm is Operational.
[2026-04-02 16:18:30] [SUCCESS] Full System Integrity Verified. Swarm is Operational.
[2026-04-02 16:18:30] [SUCCESS] Full System Integrity Verified. Swarm is Operational.
[2026-04-02 16:23:16] [SUCCESS] Full System Integrity Verified. Swarm is Operational.
[2026-04-02 16:23:16] [SUCCESS] Full System Integrity Verified. Swarm is Operational.
[2026-04-02 16:24:47] [SUCCESS] Full System Integrity Verified. Swarm is Operational.
[2026-04-02 16:24:47] [SUCCESS] Full System Integrity Verified. Swarm is Operational.
[2026-04-02 16:27:13] [SUCCESS] Full System Integrity Verified. Swarm is Operational.
[2026-04-02 16:27:13] [SUCCESS] Full System Integrity Verified. Swarm is Operational.
[2026-04-02 16:29:25] [SUCCESS] Full System Integrity Verified. Swarm is Operational.
[2026-04-02 16:29:25] [SUCCESS] Full System Integrity Verified. Swarm is Operational.
[2026-04-02 16:32:24] [SUCCESS] Full System Integrity Verified. Swarm is Operational.
[2026-04-02 16:32:24] [SUCCESS] Full System Integrity Verified. Swarm is Operational.
[2026-04-02 16:34:51] [SUCCESS] Full System Integrity Verified. Swarm is Operational.
[2026-04-02 16:34:51] [SUCCESS] Full System Integrity Verified. Swarm is Operational.
[2026-04-02 16:47:04] [SUCCESS] Full System Integrity Verified. Swarm is Operational.
[2026-04-02 16:47:04] [SUCCESS] Full System Integrity Verified. Swarm is Operational.
[2026-04-02 16:49:39] [SUCCESS] Full System Integrity Verified. Swarm is Operational.
[2026-04-02 16:49:39] [SUCCESS] Full System Integrity Verified. Swarm is Operational.
[2026-04-02 16:52:17] [SUCCESS] Full System Integrity Verified. Swarm is Operational.
[2026-04-02 16:52:17] [SUCCESS] Full System Integrity Verified. Swarm is Operational.
[2026-04-02 16:54:39] [SUCCESS] Full System Integrity Verified. Swarm is Operational.
[2026-04-02 16:54:39] [SUCCESS] Full System Integrity Verified. Swarm is Operational.
[2026-04-02 16:55:55] [SUCCESS] Full System Integrity Verified. Swarm is Operational.
[2026-04-02 16:55:55] [SUCCESS] Full System Integrity Verified. Swarm is Operational.
[2026-04-02 16:59:55] [SUCCESS] Full System Integrity Verified. Swarm is Operational.
[2026-04-02 16:59:55] [SUCCESS] Full System Integrity Verified. Swarm is Operational.
[2026-04-02 17:03:48] [SUCCESS] Full System Integrity Verified. Swarm is Operational.
[2026-04-02 17:03:48] [SUCCESS] Full System Integrity Verified. Swarm is Operational.
[2026-04-02 17:44:51] [SUCCESS] Full System Integrity Verified. Swarm is Operational.
[2026-04-02 17:44:51] [SUCCESS] Full System Integrity Verified. Swarm is Operational.
